{"D:\\React Training\\react-lms\\src\\_state\\store.ts": {"path":"D:\\React Training\\react-lms\\src\\_state\\store.ts","statementMap":{"0":{"start":{"line":1,"column":0},"end":{"line":1,"column":67}},"1":{"start":{"line":2,"column":0},"end":{"line":2,"column":55}},"2":{"start":{"line":3,"column":0},"end":{"line":3,"column":84}},"3":{"start":{"line":4,"column":0},"end":{"line":4,"column":52}},"4":{"start":{"line":5,"column":0},"end":{"line":5,"column":64}},"5":{"start":{"line":7,"column":20},"end":{"line":12,"column":2}},"6":{"start":{"line":13,"column":13},"end":{"line":15,"column":3}},"7":{"start":{"line":18,"column":26},"end":{"line":23,"column":1}},"8":{"start":{"line":19,"column":4},"end":{"line":22,"column":7}},"9":{"start":{"line":18,"column":13},"end":{"line":18,"column":26}}},"fnMap":{"0":{"name":"(anonymous_0)","decl":{"start":{"line":18,"column":26},"end":{"line":18,"column":27}},"loc":{"start":{"line":18,"column":66},"end":{"line":23,"column":1}}}},"branchMap":{},"s":{"0":1,"1":1,"2":1,"3":1,"4":1,"5":1,"6":1,"7":1,"8":3,"9":1},"f":{"0":3},"b":{}}
,"D:\\React Training\\react-lms\\src\\globals\\constants.ts": {"path":"D:\\React Training\\react-lms\\src\\globals\\constants.ts","statementMap":{"0":{"start":{"line":2,"column":13},"end":{"line":2,"column":41}},"1":{"start":{"line":3,"column":13},"end":{"line":3,"column":30}},"2":{"start":{"line":4,"column":13},"end":{"line":4,"column":28}},"3":{"start":{"line":5,"column":13},"end":{"line":5,"column":28}},"4":{"start":{"line":6,"column":13},"end":{"line":6,"column":29}},"5":{"start":{"line":7,"column":13},"end":{"line":7,"column":32}},"6":{"start":{"line":10,"column":13},"end":{"line":10,"column":36}},"7":{"start":{"line":11,"column":13},"end":{"line":11,"column":40}},"8":{"start":{"line":12,"column":13},"end":{"line":12,"column":29}},"9":{"start":{"line":13,"column":13},"end":{"line":13,"column":40}},"10":{"start":{"line":14,"column":13},"end":{"line":14,"column":29}},"11":{"start":{"line":17,"column":0},"end":{"line":17,"column":null}},"12":{"start":{"line":18,"column":4},"end":{"line":18,"column":null}},"13":{"start":{"line":19,"column":4},"end":{"line":19,"column":null}}},"fnMap":{"0":{"name":"(anonymous_0)","decl":{"start":{"line":17,"column":0},"end":{"line":17,"column":12}},"loc":{"start":{"line":17,"column":21},"end":{"line":20,"column":1}}}},"branchMap":{"0":{"loc":{"start":{"line":17,"column":12},"end":{"line":17,"column":null}},"type":"binary-expr","locations":[{"start":{"line":17,"column":12},"end":{"line":17,"column":21}},{"start":{"line":17,"column":21},"end":{"line":17,"column":null}}]}},"s":{"0":1,"1":1,"2":1,"3":1,"4":1,"5":1,"6":1,"7":1,"8":1,"9":1,"10":1,"11":1,"12":1,"13":1},"f":{"0":1},"b":{"0":[1,1]}}
,"D:\\React Training\\react-lms\\src\\globals\\server.ts": {"path":"D:\\React Training\\react-lms\\src\\globals\\server.ts","statementMap":{"0":{"start":{"line":1,"column":13},"end":{"line":1,"column":47}}},"fnMap":{},"branchMap":{},"s":{"0":1},"f":{},"b":{}}
,"D:\\React Training\\react-lms\\src\\pages\\bookList\\_state\\bookSlice.ts": {"path":"D:\\React Training\\react-lms\\src\\pages\\bookList\\_state\\bookSlice.ts","statementMap":{"0":{"start":{"line":1,"column":0},"end":{"line":1,"column":65}},"1":{"start":{"line":3,"column":0},"end":{"line":3,"column":26}},"2":{"start":{"line":4,"column":0},"end":{"line":4,"column":46}},"3":{"start":{"line":5,"column":0},"end":{"line":5,"column":41}},"4":{"start":{"line":9,"column":32},"end":{"line":12,"column":2}},"5":{"start":{"line":14,"column":13},"end":{"line":17,"column":3}},"6":{"start":{"line":15,"column":21},"end":{"line":15,"column":73}},"7":{"start":{"line":16,"column":4},"end":{"line":16,"column":25}},"8":{"start":{"line":19,"column":13},"end":{"line":22,"column":3}},"9":{"start":{"line":20,"column":21},"end":{"line":20,"column":87}},"10":{"start":{"line":21,"column":4},"end":{"line":21,"column":25}},"11":{"start":{"line":24,"column":13},"end":{"line":27,"column":3}},"12":{"start":{"line":25,"column":21},"end":{"line":25,"column":76}},"13":{"start":{"line":26,"column":4},"end":{"line":26,"column":25}},"14":{"start":{"line":29,"column":13},"end":{"line":32,"column":3}},"15":{"start":{"line":30,"column":4},"end":{"line":30,"column":53}},"16":{"start":{"line":31,"column":4},"end":{"line":31,"column":18}},"17":{"start":{"line":34,"column":13},"end":{"line":55,"column":2}},"18":{"start":{"line":37,"column":20},"end":{"line":37,"column":43}},"19":{"start":{"line":38,"column":23},"end":{"line":38,"column":42}},"20":{"start":{"line":40,"column":8},"end":{"line":44,"column":9}},"21":{"start":{"line":41,"column":12},"end":{"line":41,"column":43}},"22":{"start":{"line":42,"column":12},"end":{"line":42,"column":44}},"23":{"start":{"line":43,"column":12},"end":{"line":43,"column":43}},"24":{"start":{"line":46,"column":21},"end":{"line":46,"column":58}},"25":{"start":{"line":46,"column":42},"end":{"line":46,"column":57}},"26":{"start":{"line":47,"column":8},"end":{"line":47,"column":53}},"27":{"start":{"line":47,"column":19},"end":{"line":47,"column":53}},"28":{"start":{"line":48,"column":28},"end":{"line":51,"column":10}},"29":{"start":{"line":52,"column":8},"end":{"line":52,"column":48}},"30":{"start":{"line":53,"column":8},"end":{"line":53,"column":27}},"31":{"start":{"line":57,"column":18},"end":{"line":109,"column":2}},"32":{"start":{"line":62,"column":8},"end":{"line":69,"column":15}},"33":{"start":{"line":64,"column":16},"end":{"line":64,"column":39}},"34":{"start":{"line":67,"column":16},"end":{"line":67,"column":40}},"35":{"start":{"line":68,"column":16},"end":{"line":68,"column":48}},"36":{"start":{"line":70,"column":8},"end":{"line":77,"column":15}},"37":{"start":{"line":72,"column":16},"end":{"line":72,"column":39}},"38":{"start":{"line":75,"column":16},"end":{"line":75,"column":40}},"39":{"start":{"line":76,"column":16},"end":{"line":76,"column":52}},"40":{"start":{"line":78,"column":8},"end":{"line":88,"column":15}},"41":{"start":{"line":80,"column":16},"end":{"line":80,"column":39}},"42":{"start":{"line":83,"column":16},"end":{"line":83,"column":40}},"43":{"start":{"line":84,"column":30},"end":{"line":84,"column":95}},"44":{"start":{"line":84,"column":65},"end":{"line":84,"column":94}},"45":{"start":{"line":85,"column":16},"end":{"line":87,"column":17}},"46":{"start":{"line":86,"column":20},"end":{"line":86,"column":59}},"47":{"start":{"line":89,"column":8},"end":{"line":96,"column":15}},"48":{"start":{"line":91,"column":16},"end":{"line":91,"column":39}},"49":{"start":{"line":94,"column":16},"end":{"line":94,"column":40}},"50":{"start":{"line":95,"column":16},"end":{"line":95,"column":93}},"51":{"start":{"line":95,"column":65},"end":{"line":95,"column":91}},"52":{"start":{"line":97,"column":8},"end":{"line":107,"column":15}},"53":{"start":{"line":99,"column":16},"end":{"line":99,"column":39}},"54":{"start":{"line":102,"column":16},"end":{"line":102,"column":40}},"55":{"start":{"line":103,"column":30},"end":{"line":103,"column":95}},"56":{"start":{"line":103,"column":65},"end":{"line":103,"column":94}},"57":{"start":{"line":104,"column":16},"end":{"line":106,"column":17}},"58":{"start":{"line":105,"column":20},"end":{"line":105,"column":59}},"59":{"start":{"line":111,"column":13},"end":{"line":111,"column":38}}},"fnMap":{"0":{"name":"(anonymous_1)","decl":{"start":{"line":14,"column":53},"end":{"line":14,"column":58}},"loc":{"start":{"line":14,"column":90},"end":{"line":17,"column":1}}},"1":{"name":"(anonymous_2)","decl":{"start":{"line":19,"column":59},"end":{"line":19,"column":64}},"loc":{"start":{"line":19,"column":84},"end":{"line":22,"column":1}}},"2":{"name":"(anonymous_3)","decl":{"start":{"line":24,"column":61},"end":{"line":24,"column":66}},"loc":{"start":{"line":24,"column":102},"end":{"line":27,"column":1}}},"3":{"name":"(anonymous_4)","decl":{"start":{"line":29,"column":59},"end":{"line":29,"column":64}},"loc":{"start":{"line":29,"column":84},"end":{"line":32,"column":1}}},"4":{"name":"(anonymous_5)","decl":{"start":{"line":36,"column":4},"end":{"line":36,"column":9}},"loc":{"start":{"line":36,"column":93},"end":{"line":54,"column":5}}},"5":{"name":"(anonymous_6)","decl":{"start":{"line":46,"column":35},"end":{"line":46,"column":36}},"loc":{"start":{"line":46,"column":42},"end":{"line":46,"column":57}}},"6":{"name":"(anonymous_7)","decl":{"start":{"line":61,"column":19},"end":{"line":61,"column":20}},"loc":{"start":{"line":61,"column":31},"end":{"line":108,"column":5}}},"7":{"name":"(anonymous_8)","decl":{"start":{"line":63,"column":41},"end":{"line":63,"column":42}},"loc":{"start":{"line":63,"column":51},"end":{"line":65,"column":13}}},"8":{"name":"(anonymous_9)","decl":{"start":{"line":66,"column":43},"end":{"line":66,"column":44}},"loc":{"start":{"line":66,"column":61},"end":{"line":69,"column":13}}},"9":{"name":"(anonymous_10)","decl":{"start":{"line":71,"column":38},"end":{"line":71,"column":39}},"loc":{"start":{"line":71,"column":48},"end":{"line":73,"column":13}}},"10":{"name":"(anonymous_11)","decl":{"start":{"line":74,"column":40},"end":{"line":74,"column":41}},"loc":{"start":{"line":74,"column":58},"end":{"line":77,"column":13}}},"11":{"name":"(anonymous_12)","decl":{"start":{"line":79,"column":41},"end":{"line":79,"column":42}},"loc":{"start":{"line":79,"column":51},"end":{"line":81,"column":13}}},"12":{"name":"(anonymous_13)","decl":{"start":{"line":82,"column":43},"end":{"line":82,"column":44}},"loc":{"start":{"line":82,"column":61},"end":{"line":88,"column":13}}},"13":{"name":"(anonymous_14)","decl":{"start":{"line":84,"column":55},"end":{"line":84,"column":56}},"loc":{"start":{"line":84,"column":65},"end":{"line":84,"column":94}}},"14":{"name":"(anonymous_15)","decl":{"start":{"line":90,"column":41},"end":{"line":90,"column":42}},"loc":{"start":{"line":90,"column":51},"end":{"line":92,"column":13}}},"15":{"name":"(anonymous_16)","decl":{"start":{"line":93,"column":43},"end":{"line":93,"column":44}},"loc":{"start":{"line":93,"column":61},"end":{"line":96,"column":13}}},"16":{"name":"(anonymous_17)","decl":{"start":{"line":95,"column":55},"end":{"line":95,"column":56}},"loc":{"start":{"line":95,"column":65},"end":{"line":95,"column":91}}},"17":{"name":"(anonymous_18)","decl":{"start":{"line":98,"column":47},"end":{"line":98,"column":48}},"loc":{"start":{"line":98,"column":57},"end":{"line":100,"column":13}}},"18":{"name":"(anonymous_19)","decl":{"start":{"line":101,"column":49},"end":{"line":101,"column":50}},"loc":{"start":{"line":101,"column":67},"end":{"line":107,"column":13}}},"19":{"name":"(anonymous_20)","decl":{"start":{"line":103,"column":55},"end":{"line":103,"column":56}},"loc":{"start":{"line":103,"column":65},"end":{"line":103,"column":94}}}},"branchMap":{"0":{"loc":{"start":{"line":40,"column":8},"end":{"line":44,"column":9}},"type":"if","locations":[{"start":{"line":40,"column":8},"end":{"line":44,"column":9}}]},"1":{"loc":{"start":{"line":40,"column":12},"end":{"line":40,"column":46}},"type":"binary-expr","locations":[{"start":{"line":40,"column":12},"end":{"line":40,"column":21}},{"start":{"line":40,"column":25},"end":{"line":40,"column":46}}]},"2":{"loc":{"start":{"line":47,"column":8},"end":{"line":47,"column":53}},"type":"if","locations":[{"start":{"line":47,"column":8},"end":{"line":47,"column":53}}]},"3":{"loc":{"start":{"line":85,"column":16},"end":{"line":87,"column":17}},"type":"if","locations":[{"start":{"line":85,"column":16},"end":{"line":87,"column":17}}]},"4":{"loc":{"start":{"line":104,"column":16},"end":{"line":106,"column":17}},"type":"if","locations":[{"start":{"line":104,"column":16},"end":{"line":106,"column":17}}]}},"s":{"0":1,"1":1,"2":1,"3":1,"4":1,"5":1,"6":0,"7":0,"8":1,"9":0,"10":0,"11":1,"12":0,"13":0,"14":1,"15":0,"16":0,"17":1,"18":0,"19":0,"20":0,"21":0,"22":0,"23":0,"24":0,"25":0,"26":0,"27":0,"28":0,"29":0,"30":0,"31":1,"32":1,"33":0,"34":0,"35":0,"36":1,"37":0,"38":0,"39":0,"40":1,"41":0,"42":0,"43":0,"44":0,"45":0,"46":0,"47":1,"48":0,"49":0,"50":0,"51":0,"52":1,"53":0,"54":0,"55":0,"56":0,"57":0,"58":0,"59":1},"f":{"0":0,"1":0,"2":0,"3":0,"4":0,"5":0,"6":1,"7":0,"8":0,"9":0,"10":0,"11":0,"12":0,"13":0,"14":0,"15":0,"16":0,"17":0,"18":0,"19":0},"b":{"0":[0],"1":[0,0],"2":[0],"3":[0],"4":[0]}}
,"D:\\React Training\\react-lms\\src\\pages\\bookReturnEntry\\_state\\bookTransactionSlice.ts": {"path":"D:\\React Training\\react-lms\\src\\pages\\bookReturnEntry\\_state\\bookTransactionSlice.ts","statementMap":{"0":{"start":{"line":1,"column":0},"end":{"line":1,"column":65}},"1":{"start":{"line":2,"column":0},"end":{"line":2,"column":26}},"2":{"start":{"line":3,"column":0},"end":{"line":3,"column":58}},"3":{"start":{"line":4,"column":0},"end":{"line":4,"column":41}},"4":{"start":{"line":5,"column":0},"end":{"line":5,"column":67}},"5":{"start":{"line":6,"column":0},"end":{"line":6,"column":87}},"6":{"start":{"line":10,"column":43},"end":{"line":13,"column":2}},"7":{"start":{"line":15,"column":13},"end":{"line":28,"column":2}},"8":{"start":{"line":18,"column":25},"end":{"line":18,"column":91}},"9":{"start":{"line":19,"column":8},"end":{"line":24,"column":10}},"10":{"start":{"line":25,"column":8},"end":{"line":25,"column":85}},"11":{"start":{"line":26,"column":8},"end":{"line":26,"column":29}},"12":{"start":{"line":30,"column":13},"end":{"line":44,"column":2}},"13":{"start":{"line":33,"column":25},"end":{"line":33,"column":101}},"14":{"start":{"line":35,"column":8},"end":{"line":40,"column":10}},"15":{"start":{"line":41,"column":8},"end":{"line":41,"column":95}},"16":{"start":{"line":42,"column":8},"end":{"line":42,"column":29}},"17":{"start":{"line":46,"column":13},"end":{"line":54,"column":2}},"18":{"start":{"line":49,"column":25},"end":{"line":51,"column":10}},"19":{"start":{"line":52,"column":8},"end":{"line":52,"column":29}},"20":{"start":{"line":56,"column":29},"end":{"line":89,"column":2}},"21":{"start":{"line":61,"column":8},"end":{"line":68,"column":15}},"22":{"start":{"line":63,"column":16},"end":{"line":63,"column":39}},"23":{"start":{"line":66,"column":16},"end":{"line":66,"column":40}},"24":{"start":{"line":67,"column":16},"end":{"line":67,"column":55}},"25":{"start":{"line":69,"column":8},"end":{"line":76,"column":15}},"26":{"start":{"line":71,"column":16},"end":{"line":71,"column":39}},"27":{"start":{"line":74,"column":16},"end":{"line":74,"column":40}},"28":{"start":{"line":75,"column":16},"end":{"line":75,"column":51}},"29":{"start":{"line":77,"column":8},"end":{"line":87,"column":15}},"30":{"start":{"line":79,"column":16},"end":{"line":79,"column":39}},"31":{"start":{"line":82,"column":16},"end":{"line":82,"column":40}},"32":{"start":{"line":83,"column":30},"end":{"line":83,"column":112}},"33":{"start":{"line":83,"column":75},"end":{"line":83,"column":111}},"34":{"start":{"line":84,"column":16},"end":{"line":86,"column":17}},"35":{"start":{"line":85,"column":20},"end":{"line":85,"column":62}},"36":{"start":{"line":91,"column":13},"end":{"line":91,"column":60}}},"fnMap":{"0":{"name":"(anonymous_1)","decl":{"start":{"line":17,"column":4},"end":{"line":17,"column":9}},"loc":{"start":{"line":17,"column":62},"end":{"line":27,"column":5}}},"1":{"name":"(anonymous_2)","decl":{"start":{"line":32,"column":4},"end":{"line":32,"column":9}},"loc":{"start":{"line":32,"column":50},"end":{"line":43,"column":5}}},"2":{"name":"(anonymous_3)","decl":{"start":{"line":48,"column":4},"end":{"line":48,"column":9}},"loc":{"start":{"line":48,"column":45},"end":{"line":53,"column":5}}},"3":{"name":"(anonymous_4)","decl":{"start":{"line":60,"column":19},"end":{"line":60,"column":20}},"loc":{"start":{"line":60,"column":31},"end":{"line":88,"column":5}}},"4":{"name":"(anonymous_5)","decl":{"start":{"line":62,"column":40},"end":{"line":62,"column":41}},"loc":{"start":{"line":62,"column":50},"end":{"line":64,"column":13}}},"5":{"name":"(anonymous_6)","decl":{"start":{"line":65,"column":42},"end":{"line":65,"column":43}},"loc":{"start":{"line":65,"column":60},"end":{"line":68,"column":13}}},"6":{"name":"(anonymous_7)","decl":{"start":{"line":70,"column":51},"end":{"line":70,"column":52}},"loc":{"start":{"line":70,"column":61},"end":{"line":72,"column":13}}},"7":{"name":"(anonymous_8)","decl":{"start":{"line":73,"column":53},"end":{"line":73,"column":54}},"loc":{"start":{"line":73,"column":71},"end":{"line":76,"column":13}}},"8":{"name":"(anonymous_9)","decl":{"start":{"line":78,"column":41},"end":{"line":78,"column":42}},"loc":{"start":{"line":78,"column":51},"end":{"line":80,"column":13}}},"9":{"name":"(anonymous_10)","decl":{"start":{"line":81,"column":43},"end":{"line":81,"column":44}},"loc":{"start":{"line":81,"column":61},"end":{"line":87,"column":13}}},"10":{"name":"(anonymous_11)","decl":{"start":{"line":83,"column":58},"end":{"line":83,"column":59}},"loc":{"start":{"line":83,"column":75},"end":{"line":83,"column":111}}}},"branchMap":{"0":{"loc":{"start":{"line":84,"column":16},"end":{"line":86,"column":17}},"type":"if","locations":[{"start":{"line":84,"column":16},"end":{"line":86,"column":17}}]}},"s":{"0":1,"1":1,"2":1,"3":1,"4":1,"5":1,"6":1,"7":1,"8":0,"9":0,"10":0,"11":0,"12":1,"13":0,"14":0,"15":0,"16":0,"17":1,"18":0,"19":0,"20":1,"21":1,"22":0,"23":0,"24":0,"25":1,"26":0,"27":0,"28":0,"29":1,"30":0,"31":0,"32":0,"33":0,"34":0,"35":0,"36":1},"f":{"0":0,"1":0,"2":0,"3":1,"4":0,"5":0,"6":0,"7":0,"8":0,"9":0,"10":0},"b":{"0":[0]}}
,"D:\\React Training\\react-lms\\src\\pages\\components\\button\\Button.sc.ts": {"path":"D:\\React Training\\react-lms\\src\\pages\\components\\button\\Button.sc.ts","statementMap":{"0":{"start":{"line":1,"column":0},"end":{"line":1,"column":39}},"1":{"start":{"line":3,"column":13},"end":{"line":17,"column":2}}},"fnMap":{},"branchMap":{},"s":{"0":1,"1":1},"f":{},"b":{}}
,"D:\\React Training\\react-lms\\src\\pages\\components\\button\\Button.tsx": {"path":"D:\\React Training\\react-lms\\src\\pages\\components\\button\\Button.tsx","statementMap":{"0":{"start":{"line":3,"column":0},"end":{"line":3,"column":43}},"1":{"start":{"line":7,"column":38},"end":{"line":9,"column":1}},"2":{"start":{"line":8,"column":4},"end":{"line":8,"column":62}},"3":{"start":{"line":11,"column":0},"end":{"line":11,"column":22}}},"fnMap":{"0":{"name":"(anonymous_0)","decl":{"start":{"line":7,"column":38},"end":{"line":7,"column":39}},"loc":{"start":{"line":7,"column":65},"end":{"line":9,"column":1}}}},"branchMap":{},"s":{"0":1,"1":1,"2":3,"3":1},"f":{"0":3},"b":{}}
,"D:\\React Training\\react-lms\\src\\pages\\components\\deleteDialog\\DeleteDialog.tsx": {"path":"D:\\React Training\\react-lms\\src\\pages\\components\\deleteDialog\\DeleteDialog.tsx","statementMap":{"0":{"start":{"line":1,"column":0},"end":{"line":1,"column":52}},"1":{"start":{"line":2,"column":0},"end":{"line":2,"column":43}},"2":{"start":{"line":4,"column":0},"end":{"line":4,"column":97}},"3":{"start":{"line":13,"column":57},"end":{"line":31,"column":1}},"4":{"start":{"line":14,"column":25},"end":{"line":17,"column":27}},"5":{"start":{"line":15,"column":8},"end":{"line":15,"column":19}},"6":{"start":{"line":16,"column":8},"end":{"line":16,"column":18}},"7":{"start":{"line":19,"column":4},"end":{"line":30,"column":6}},"8":{"start":{"line":13,"column":13},"end":{"line":13,"column":57}},"9":{"start":{"line":33,"column":0},"end":{"line":33,"column":28}}},"fnMap":{"0":{"name":"(anonymous_1)","decl":{"start":{"line":13,"column":57},"end":{"line":13,"column":58}},"loc":{"start":{"line":13,"column":97},"end":{"line":31,"column":1}}},"1":{"name":"(anonymous_2)","decl":{"start":{"line":14,"column":37},"end":{"line":14,"column":40}},"loc":{"start":{"line":14,"column":42},"end":{"line":17,"column":5}}}},"branchMap":{},"s":{"0":1,"1":1,"2":1,"3":1,"4":3,"5":1,"6":1,"7":3,"8":1,"9":1},"f":{"0":3,"1":1},"b":{}}
,"D:\\React Training\\react-lms\\src\\pages\\components\\formWrapper\\FormWrapper.sc.ts": {"path":"D:\\React Training\\react-lms\\src\\pages\\components\\formWrapper\\FormWrapper.sc.ts","statementMap":{"0":{"start":{"line":1,"column":0},"end":{"line":1,"column":39}},"1":{"start":{"line":3,"column":13},"end":{"line":9,"column":2}},"2":{"start":{"line":11,"column":13},"end":{"line":13,"column":2}},"3":{"start":{"line":15,"column":13},"end":{"line":18,"column":2}},"4":{"start":{"line":20,"column":13},"end":{"line":31,"column":2}},"5":{"start":{"line":33,"column":13},"end":{"line":36,"column":2}},"6":{"start":{"line":38,"column":13},"end":{"line":41,"column":2}},"7":{"start":{"line":43,"column":13},"end":{"line":46,"column":2}}},"fnMap":{},"branchMap":{},"s":{"0":1,"1":1,"2":1,"3":1,"4":1,"5":1,"6":1,"7":1},"f":{},"b":{}}
,"D:\\React Training\\react-lms\\src\\pages\\login\\_state\\userSlice.ts": {"path":"D:\\React Training\\react-lms\\src\\pages\\login\\_state\\userSlice.ts","statementMap":{"0":{"start":{"line":1,"column":0},"end":{"line":1,"column":62}},"1":{"start":{"line":2,"column":0},"end":{"line":2,"column":54}},"2":{"start":{"line":3,"column":0},"end":{"line":3,"column":70}},"3":{"start":{"line":10,"column":33},"end":{"line":13,"column":2}},"4":{"start":{"line":15,"column":18},"end":{"line":28,"column":2}},"5":{"start":{"line":20,"column":12},"end":{"line":20,"column":40}},"6":{"start":{"line":21,"column":12},"end":{"line":21,"column":45}},"7":{"start":{"line":24,"column":12},"end":{"line":24,"column":41}},"8":{"start":{"line":25,"column":12},"end":{"line":25,"column":36}},"9":{"start":{"line":30,"column":13},"end":{"line":30,"column":38}},"10":{"start":{"line":31,"column":13},"end":{"line":31,"column":33}}},"fnMap":{"0":{"name":"(anonymous_0)","decl":{"start":{"line":19,"column":15},"end":{"line":19,"column":16}},"loc":{"start":{"line":19,"column":64},"end":{"line":22,"column":9}}},"1":{"name":"(anonymous_1)","decl":{"start":{"line":23,"column":16},"end":{"line":23,"column":17}},"loc":{"start":{"line":23,"column":26},"end":{"line":26,"column":9}}}},"branchMap":{"0":{"loc":{"start":{"line":12,"column":10},"end":{"line":12,"column":70}},"type":"binary-expr","locations":[{"start":{"line":12,"column":10},"end":{"line":12,"column":54}},{"start":{"line":12,"column":59},"end":{"line":12,"column":70}}]}},"s":{"0":1,"1":1,"2":1,"3":1,"4":1,"5":0,"6":0,"7":0,"8":0,"9":1,"10":1},"f":{"0":0,"1":0},"b":{"0":[1,1]}}
,"D:\\React Training\\react-lms\\src\\pages\\studentList\\_state\\studentSlice.ts": {"path":"D:\\React Training\\react-lms\\src\\pages\\studentList\\_state\\studentSlice.ts","statementMap":{"0":{"start":{"line":1,"column":0},"end":{"line":1,"column":65}},"1":{"start":{"line":3,"column":0},"end":{"line":3,"column":26}},"2":{"start":{"line":4,"column":0},"end":{"line":4,"column":41}},"3":{"start":{"line":8,"column":35},"end":{"line":11,"column":2}},"4":{"start":{"line":13,"column":13},"end":{"line":18,"column":3}},"5":{"start":{"line":14,"column":21},"end":{"line":16,"column":6}},"6":{"start":{"line":17,"column":4},"end":{"line":17,"column":25}},"7":{"start":{"line":20,"column":13},"end":{"line":23,"column":3}},"8":{"start":{"line":21,"column":21},"end":{"line":21,"column":82}},"9":{"start":{"line":22,"column":4},"end":{"line":22,"column":25}},"10":{"start":{"line":25,"column":13},"end":{"line":28,"column":3}},"11":{"start":{"line":26,"column":21},"end":{"line":26,"column":99}},"12":{"start":{"line":27,"column":4},"end":{"line":27,"column":25}},"13":{"start":{"line":30,"column":13},"end":{"line":33,"column":3}},"14":{"start":{"line":31,"column":4},"end":{"line":31,"column":59}},"15":{"start":{"line":32,"column":4},"end":{"line":32,"column":21}},"16":{"start":{"line":35,"column":13},"end":{"line":62,"column":2}},"17":{"start":{"line":47,"column":22},"end":{"line":47,"column":45}},"18":{"start":{"line":48,"column":28},"end":{"line":48,"column":53}},"19":{"start":{"line":50,"column":24},"end":{"line":50,"column":67}},"20":{"start":{"line":50,"column":48},"end":{"line":50,"column":66}},"21":{"start":{"line":51,"column":8},"end":{"line":51,"column":59}},"22":{"start":{"line":51,"column":22},"end":{"line":51,"column":59}},"23":{"start":{"line":53,"column":31},"end":{"line":56,"column":10}},"24":{"start":{"line":58,"column":8},"end":{"line":58,"column":54}},"25":{"start":{"line":60,"column":8},"end":{"line":60,"column":81}},"26":{"start":{"line":60,"column":39},"end":{"line":60,"column":78}},"27":{"start":{"line":64,"column":13},"end":{"line":90,"column":2}},"28":{"start":{"line":76,"column":22},"end":{"line":76,"column":45}},"29":{"start":{"line":77,"column":28},"end":{"line":77,"column":53}},"30":{"start":{"line":79,"column":24},"end":{"line":79,"column":67}},"31":{"start":{"line":79,"column":48},"end":{"line":79,"column":66}},"32":{"start":{"line":80,"column":8},"end":{"line":80,"column":59}},"33":{"start":{"line":80,"column":22},"end":{"line":80,"column":59}},"34":{"start":{"line":82,"column":31},"end":{"line":85,"column":10}},"35":{"start":{"line":84,"column":66},"end":{"line":84,"column":81}},"36":{"start":{"line":86,"column":8},"end":{"line":86,"column":54}},"37":{"start":{"line":88,"column":8},"end":{"line":88,"column":81}},"38":{"start":{"line":88,"column":39},"end":{"line":88,"column":78}},"39":{"start":{"line":92,"column":21},"end":{"line":149,"column":2}},"40":{"start":{"line":97,"column":8},"end":{"line":104,"column":15}},"41":{"start":{"line":99,"column":16},"end":{"line":99,"column":39}},"42":{"start":{"line":102,"column":16},"end":{"line":102,"column":40}},"43":{"start":{"line":103,"column":16},"end":{"line":103,"column":51}},"44":{"start":{"line":105,"column":8},"end":{"line":112,"column":15}},"45":{"start":{"line":107,"column":16},"end":{"line":107,"column":39}},"46":{"start":{"line":110,"column":16},"end":{"line":110,"column":40}},"47":{"start":{"line":111,"column":16},"end":{"line":111,"column":55}},"48":{"start":{"line":113,"column":8},"end":{"line":123,"column":15}},"49":{"start":{"line":115,"column":16},"end":{"line":115,"column":39}},"50":{"start":{"line":118,"column":16},"end":{"line":118,"column":40}},"51":{"start":{"line":119,"column":30},"end":{"line":119,"column":104}},"52":{"start":{"line":119,"column":71},"end":{"line":119,"column":103}},"53":{"start":{"line":120,"column":16},"end":{"line":122,"column":17}},"54":{"start":{"line":121,"column":20},"end":{"line":121,"column":62}},"55":{"start":{"line":124,"column":8},"end":{"line":131,"column":15}},"56":{"start":{"line":126,"column":16},"end":{"line":126,"column":39}},"57":{"start":{"line":129,"column":16},"end":{"line":129,"column":40}},"58":{"start":{"line":130,"column":16},"end":{"line":130,"column":105}},"59":{"start":{"line":130,"column":74},"end":{"line":130,"column":103}},"60":{"start":{"line":132,"column":8},"end":{"line":139,"column":15}},"61":{"start":{"line":134,"column":16},"end":{"line":134,"column":39}},"62":{"start":{"line":137,"column":16},"end":{"line":137,"column":40}},"63":{"start":{"line":138,"column":16},"end":{"line":138,"column":51}},"64":{"start":{"line":140,"column":8},"end":{"line":147,"column":15}},"65":{"start":{"line":142,"column":16},"end":{"line":142,"column":39}},"66":{"start":{"line":145,"column":16},"end":{"line":145,"column":40}},"67":{"start":{"line":146,"column":16},"end":{"line":146,"column":51}},"68":{"start":{"line":151,"column":13},"end":{"line":151,"column":44}}},"fnMap":{"0":{"name":"(anonymous_1)","decl":{"start":{"line":13,"column":67},"end":{"line":13,"column":72}},"loc":{"start":{"line":13,"column":108},"end":{"line":18,"column":1}}},"1":{"name":"(anonymous_2)","decl":{"start":{"line":20,"column":59},"end":{"line":20,"column":64}},"loc":{"start":{"line":20,"column":102},"end":{"line":23,"column":1}}},"2":{"name":"(anonymous_3)","decl":{"start":{"line":25,"column":65},"end":{"line":25,"column":70}},"loc":{"start":{"line":25,"column":96},"end":{"line":28,"column":1}}},"3":{"name":"(anonymous_4)","decl":{"start":{"line":30,"column":65},"end":{"line":30,"column":70}},"loc":{"start":{"line":30,"column":93},"end":{"line":33,"column":1}}},"4":{"name":"(anonymous_5)","decl":{"start":{"line":37,"column":4},"end":{"line":37,"column":9}},"loc":{"start":{"line":46,"column":8},"end":{"line":61,"column":5}}},"5":{"name":"(anonymous_6)","decl":{"start":{"line":50,"column":41},"end":{"line":50,"column":42}},"loc":{"start":{"line":50,"column":48},"end":{"line":50,"column":66}}},"6":{"name":"(anonymous_7)","decl":{"start":{"line":60,"column":31},"end":{"line":60,"column":32}},"loc":{"start":{"line":60,"column":39},"end":{"line":60,"column":78}}},"7":{"name":"(anonymous_8)","decl":{"start":{"line":66,"column":4},"end":{"line":66,"column":9}},"loc":{"start":{"line":75,"column":8},"end":{"line":89,"column":5}}},"8":{"name":"(anonymous_9)","decl":{"start":{"line":79,"column":41},"end":{"line":79,"column":42}},"loc":{"start":{"line":79,"column":48},"end":{"line":79,"column":66}}},"9":{"name":"(anonymous_10)","decl":{"start":{"line":84,"column":56},"end":{"line":84,"column":57}},"loc":{"start":{"line":84,"column":66},"end":{"line":84,"column":81}}},"10":{"name":"(anonymous_11)","decl":{"start":{"line":88,"column":31},"end":{"line":88,"column":32}},"loc":{"start":{"line":88,"column":39},"end":{"line":88,"column":78}}},"11":{"name":"(anonymous_12)","decl":{"start":{"line":96,"column":19},"end":{"line":96,"column":20}},"loc":{"start":{"line":96,"column":31},"end":{"line":148,"column":5}}},"12":{"name":"(anonymous_13)","decl":{"start":{"line":98,"column":44},"end":{"line":98,"column":45}},"loc":{"start":{"line":98,"column":54},"end":{"line":100,"column":13}}},"13":{"name":"(anonymous_14)","decl":{"start":{"line":101,"column":46},"end":{"line":101,"column":47}},"loc":{"start":{"line":101,"column":64},"end":{"line":104,"column":13}}},"14":{"name":"(anonymous_15)","decl":{"start":{"line":106,"column":41},"end":{"line":106,"column":42}},"loc":{"start":{"line":106,"column":51},"end":{"line":108,"column":13}}},"15":{"name":"(anonymous_16)","decl":{"start":{"line":109,"column":43},"end":{"line":109,"column":44}},"loc":{"start":{"line":109,"column":61},"end":{"line":112,"column":13}}},"16":{"name":"(anonymous_17)","decl":{"start":{"line":114,"column":44},"end":{"line":114,"column":45}},"loc":{"start":{"line":114,"column":54},"end":{"line":116,"column":13}}},"17":{"name":"(anonymous_18)","decl":{"start":{"line":117,"column":46},"end":{"line":117,"column":47}},"loc":{"start":{"line":117,"column":64},"end":{"line":123,"column":13}}},"18":{"name":"(anonymous_19)","decl":{"start":{"line":119,"column":58},"end":{"line":119,"column":59}},"loc":{"start":{"line":119,"column":71},"end":{"line":119,"column":103}}},"19":{"name":"(anonymous_20)","decl":{"start":{"line":125,"column":44},"end":{"line":125,"column":45}},"loc":{"start":{"line":125,"column":54},"end":{"line":127,"column":13}}},"20":{"name":"(anonymous_21)","decl":{"start":{"line":128,"column":46},"end":{"line":128,"column":47}},"loc":{"start":{"line":128,"column":64},"end":{"line":131,"column":13}}},"21":{"name":"(anonymous_22)","decl":{"start":{"line":130,"column":61},"end":{"line":130,"column":62}},"loc":{"start":{"line":130,"column":74},"end":{"line":130,"column":103}}},"22":{"name":"(anonymous_23)","decl":{"start":{"line":133,"column":41},"end":{"line":133,"column":42}},"loc":{"start":{"line":133,"column":51},"end":{"line":135,"column":13}}},"23":{"name":"(anonymous_24)","decl":{"start":{"line":136,"column":43},"end":{"line":136,"column":44}},"loc":{"start":{"line":136,"column":61},"end":{"line":139,"column":13}}},"24":{"name":"(anonymous_25)","decl":{"start":{"line":141,"column":49},"end":{"line":141,"column":50}},"loc":{"start":{"line":141,"column":59},"end":{"line":143,"column":13}}},"25":{"name":"(anonymous_26)","decl":{"start":{"line":144,"column":51},"end":{"line":144,"column":52}},"loc":{"start":{"line":144,"column":69},"end":{"line":147,"column":13}}}},"branchMap":{"0":{"loc":{"start":{"line":51,"column":8},"end":{"line":51,"column":59}},"type":"if","locations":[{"start":{"line":51,"column":8},"end":{"line":51,"column":59}}]},"1":{"loc":{"start":{"line":60,"column":39},"end":{"line":60,"column":78}},"type":"cond-expr","locations":[{"start":{"line":60,"column":60},"end":{"line":60,"column":74}},{"start":{"line":60,"column":77},"end":{"line":60,"column":78}}]},"2":{"loc":{"start":{"line":80,"column":8},"end":{"line":80,"column":59}},"type":"if","locations":[{"start":{"line":80,"column":8},"end":{"line":80,"column":59}}]},"3":{"loc":{"start":{"line":88,"column":39},"end":{"line":88,"column":78}},"type":"cond-expr","locations":[{"start":{"line":88,"column":60},"end":{"line":88,"column":74}},{"start":{"line":88,"column":77},"end":{"line":88,"column":78}}]},"4":{"loc":{"start":{"line":120,"column":16},"end":{"line":122,"column":17}},"type":"if","locations":[{"start":{"line":120,"column":16},"end":{"line":122,"column":17}}]}},"s":{"0":1,"1":1,"2":1,"3":1,"4":1,"5":0,"6":0,"7":1,"8":0,"9":0,"10":1,"11":0,"12":0,"13":1,"14":0,"15":0,"16":1,"17":0,"18":0,"19":0,"20":0,"21":0,"22":0,"23":0,"24":0,"25":0,"26":0,"27":1,"28":0,"29":0,"30":0,"31":0,"32":0,"33":0,"34":0,"35":0,"36":0,"37":0,"38":0,"39":1,"40":1,"41":0,"42":0,"43":0,"44":1,"45":0,"46":0,"47":0,"48":1,"49":0,"50":0,"51":0,"52":0,"53":0,"54":0,"55":1,"56":0,"57":0,"58":0,"59":0,"60":1,"61":0,"62":0,"63":0,"64":1,"65":0,"66":0,"67":0,"68":1},"f":{"0":0,"1":0,"2":0,"3":0,"4":0,"5":0,"6":0,"7":0,"8":0,"9":0,"10":0,"11":1,"12":0,"13":0,"14":0,"15":0,"16":0,"17":0,"18":0,"19":0,"20":0,"21":0,"22":0,"23":0,"24":0,"25":0},"b":{"0":[0],"1":[0,0],"2":[0],"3":[0,0],"4":[0]}}
,"D:\\React Training\\react-lms\\src\\utils\\test-utils.tsx": {"path":"D:\\React Training\\react-lms\\src\\utils\\test-utils.tsx","statementMap":{"0":{"start":{"line":14,"column":0},"end":{"line":14,"column":16}},"1":{"start":{"line":2,"column":0},"end":{"line":2,"column":63}},"2":{"start":{"line":3,"column":0},"end":{"line":3,"column":63}},"3":{"start":{"line":5,"column":0},"end":{"line":5,"column":39}},"4":{"start":{"line":6,"column":0},"end":{"line":6,"column":44}},"5":{"start":{"line":24,"column":8},"end":{"line":28,"column":10}},"6":{"start":{"line":30,"column":4},"end":{"line":30,"column":76}},"7":{"start":{"line":32,"column":0},"end":{"line":32,"column":39}}},"fnMap":{"0":{"name":"renderWithProviders","decl":{"start":{"line":14,"column":16},"end":{"line":14,"column":35}},"loc":{"start":{"line":21,"column":33},"end":{"line":31,"column":1}}},"1":{"name":"Wrapper","decl":{"start":{"line":23,"column":13},"end":{"line":23,"column":20}},"loc":{"start":{"line":23,"column":60},"end":{"line":29,"column":5}}}},"branchMap":{"0":{"loc":{"start":{"line":16,"column":4},"end":{"line":21,"column":33}},"type":"default-arg","locations":[{"start":{"line":21,"column":31},"end":{"line":21,"column":33}}]},"1":{"loc":{"start":{"line":17,"column":8},"end":{"line":17,"column":27}},"type":"default-arg","locations":[{"start":{"line":17,"column":25},"end":{"line":17,"column":27}}]},"2":{"loc":{"start":{"line":19,"column":8},"end":{"line":19,"column":42}},"type":"default-arg","locations":[{"start":{"line":19,"column":16},"end":{"line":19,"column":42}}]}},"s":{"0":1,"1":1,"2":1,"3":1,"4":1,"5":3,"6":3,"7":1},"f":{"0":3,"1":3},"b":{"0":[3],"1":[3],"2":[3]}}
,"D:\\React Training\\react-lms\\src\\utils\\localStorage\\localStorage.ts": {"path":"D:\\React Training\\react-lms\\src\\utils\\localStorage\\localStorage.ts","statementMap":{"0":{"start":{"line":1,"column":0},"end":{"line":1,"column":16}},"1":{"start":{"line":11,"column":0},"end":{"line":11,"column":16}},"2":{"start":{"line":20,"column":0},"end":{"line":20,"column":16}},"3":{"start":{"line":2,"column":4},"end":{"line":8,"column":5}},"4":{"start":{"line":3,"column":27},"end":{"line":3,"column":52}},"5":{"start":{"line":4,"column":8},"end":{"line":4,"column":65}},"6":{"start":{"line":6,"column":28},"end":{"line":6,"column":126}},"7":{"start":{"line":7,"column":8},"end":{"line":7,"column":20}},"8":{"start":{"line":12,"column":4},"end":{"line":17,"column":5}},"9":{"start":{"line":13,"column":29},"end":{"line":13,"column":50}},"10":{"start":{"line":14,"column":8},"end":{"line":14,"column":48}},"11":{"start":{"line":16,"column":28},"end":{"line":16,"column":126}},"12":{"start":{"line":21,"column":4},"end":{"line":25,"column":5}},"13":{"start":{"line":22,"column":8},"end":{"line":22,"column":37}},"14":{"start":{"line":24,"column":28},"end":{"line":24,"column":129}},"15":{"start":{"line":33,"column":85},"end":{"line":33,"column":39985}},"16":{"start":{"line":33,"column":89},"end":{"line":33,"column":39974}},"17":{"start":{"line":33,"column":40100},"end":{"line":33,"column":40106}},"18":{"start":{"line":33,"column":40221},"end":{"line":33,"column":40227}},"19":{"start":{"line":33,"column":40342},"end":{"line":33,"column":40348}},"20":{"start":{"line":33,"column":40467},"end":{"line":33,"column":40473}},"21":{"start":{"line":33,"column":40617},"end":{"line":33,"column":40623}}},"fnMap":{"0":{"name":"getFromLocalStorage","decl":{"start":{"line":1,"column":16},"end":{"line":1,"column":35}},"loc":{"start":{"line":1,"column":50},"end":{"line":9,"column":1}}},"1":{"name":"setToLocalStorage","decl":{"start":{"line":11,"column":16},"end":{"line":11,"column":33}},"loc":{"start":{"line":11,"column":58},"end":{"line":18,"column":1}}},"2":{"name":"removeFromLocalStorage","decl":{"start":{"line":20,"column":16},"end":{"line":20,"column":38}},"loc":{"start":{"line":20,"column":50},"end":{"line":26,"column":1}}},"3":{"name":"oo_cm","decl":{"start":{"line":33,"column":77},"end":{"line":33,"column":82}},"loc":{"start":{"line":33,"column":82},"end":{"line":33,"column":39986}}}},"branchMap":{"0":{"loc":{"start":{"line":4,"column":15},"end":{"line":4,"column":64}},"type":"cond-expr","locations":[{"start":{"line":4,"column":29},"end":{"line":4,"column":57}},{"start":{"line":4,"column":60},"end":{"line":4,"column":64}}]},"1":{"loc":{"start":{"line":33,"column":96},"end":{"line":33,"column":39973}},"type":"binary-expr","locations":[{"start":{"line":33,"column":96},"end":{"line":33,"column":133}},{"start":{"line":33,"column":137},"end":{"line":33,"column":39973}}]}},"s":{"0":1,"1":1,"2":1,"3":2,"4":2,"5":2,"6":0,"7":0,"8":0,"9":0,"10":0,"11":0,"12":0,"13":0,"14":0,"15":0,"16":0,"17":1,"18":1,"19":1,"20":1,"21":1},"f":{"0":2,"1":0,"2":0,"3":0},"b":{"0":[0,2],"1":[0,0]}}
}
