TN:
SF:src\_state\store.ts
FN:18,(anonymous_0)
FNF:1
FNH:1
FNDA:3,(anonymous_0)
DA:1,1
DA:2,1
DA:3,1
DA:4,1
DA:5,1
DA:7,1
DA:13,1
DA:18,1
DA:19,3
LF:9
LH:9
BRF:0
BRH:0
end_of_record
TN:
SF:src\globals\constants.ts
FN:17,(anonymous_0)
FNF:1
FNH:1
FNDA:1,(anonymous_0)
DA:2,1
DA:3,1
DA:4,1
DA:5,1
DA:6,1
DA:7,1
DA:10,1
DA:11,1
DA:12,1
DA:13,1
DA:14,1
DA:17,1
DA:18,1
DA:19,1
LF:14
LH:14
BRDA:17,0,0,1
BRDA:17,0,1,1
BRF:2
BRH:2
end_of_record
TN:
SF:src\globals\server.ts
FNF:0
FNH:0
DA:1,1
LF:1
LH:1
BRF:0
BRH:0
end_of_record
TN:
SF:src\pages\bookList\_state\bookSlice.ts
FN:14,(anonymous_1)
FN:19,(anonymous_2)
FN:24,(anonymous_3)
FN:29,(anonymous_4)
FN:36,(anonymous_5)
FN:46,(anonymous_6)
FN:61,(anonymous_7)
FN:63,(anonymous_8)
FN:66,(anonymous_9)
FN:71,(anonymous_10)
FN:74,(anonymous_11)
FN:79,(anonymous_12)
FN:82,(anonymous_13)
FN:84,(anonymous_14)
FN:90,(anonymous_15)
FN:93,(anonymous_16)
FN:95,(anonymous_17)
FN:98,(anonymous_18)
FN:101,(anonymous_19)
FN:103,(anonymous_20)
FNF:20
FNH:1
FNDA:0,(anonymous_1)
FNDA:0,(anonymous_2)
FNDA:0,(anonymous_3)
FNDA:0,(anonymous_4)
FNDA:0,(anonymous_5)
FNDA:0,(anonymous_6)
FNDA:1,(anonymous_7)
FNDA:0,(anonymous_8)
FNDA:0,(anonymous_9)
FNDA:0,(anonymous_10)
FNDA:0,(anonymous_11)
FNDA:0,(anonymous_12)
FNDA:0,(anonymous_13)
FNDA:0,(anonymous_14)
FNDA:0,(anonymous_15)
FNDA:0,(anonymous_16)
FNDA:0,(anonymous_17)
FNDA:0,(anonymous_18)
FNDA:0,(anonymous_19)
FNDA:0,(anonymous_20)
DA:1,1
DA:3,1
DA:4,1
DA:5,1
DA:9,1
DA:14,1
DA:15,0
DA:16,0
DA:19,1
DA:20,0
DA:21,0
DA:24,1
DA:25,0
DA:26,0
DA:29,1
DA:30,0
DA:31,0
DA:34,1
DA:37,0
DA:38,0
DA:40,0
DA:41,0
DA:42,0
DA:43,0
DA:46,0
DA:47,0
DA:48,0
DA:52,0
DA:53,0
DA:57,1
DA:62,1
DA:64,0
DA:67,0
DA:68,0
DA:70,1
DA:72,0
DA:75,0
DA:76,0
DA:78,1
DA:80,0
DA:83,0
DA:84,0
DA:85,0
DA:86,0
DA:89,1
DA:91,0
DA:94,0
DA:95,0
DA:97,1
DA:99,0
DA:102,0
DA:103,0
DA:104,0
DA:105,0
DA:111,1
LF:55
LH:17
BRDA:40,0,0,0
BRDA:40,1,0,0
BRDA:40,1,1,0
BRDA:47,2,0,0
BRDA:85,3,0,0
BRDA:104,4,0,0
BRF:6
BRH:0
end_of_record
TN:
SF:src\pages\bookReturnEntry\_state\bookTransactionSlice.ts
FN:17,(anonymous_1)
FN:32,(anonymous_2)
FN:48,(anonymous_3)
FN:60,(anonymous_4)
FN:62,(anonymous_5)
FN:65,(anonymous_6)
FN:70,(anonymous_7)
FN:73,(anonymous_8)
FN:78,(anonymous_9)
FN:81,(anonymous_10)
FN:83,(anonymous_11)
FNF:11
FNH:1
FNDA:0,(anonymous_1)
FNDA:0,(anonymous_2)
FNDA:0,(anonymous_3)
FNDA:1,(anonymous_4)
FNDA:0,(anonymous_5)
FNDA:0,(anonymous_6)
FNDA:0,(anonymous_7)
FNDA:0,(anonymous_8)
FNDA:0,(anonymous_9)
FNDA:0,(anonymous_10)
FNDA:0,(anonymous_11)
DA:1,1
DA:2,1
DA:3,1
DA:4,1
DA:5,1
DA:6,1
DA:10,1
DA:15,1
DA:18,0
DA:19,0
DA:25,0
DA:26,0
DA:30,1
DA:33,0
DA:35,0
DA:41,0
DA:42,0
DA:46,1
DA:49,0
DA:52,0
DA:56,1
DA:61,1
DA:63,0
DA:66,0
DA:67,0
DA:69,1
DA:71,0
DA:74,0
DA:75,0
DA:77,1
DA:79,0
DA:82,0
DA:83,0
DA:84,0
DA:85,0
DA:91,1
LF:36
LH:15
BRDA:84,0,0,0
BRF:1
BRH:0
end_of_record
TN:
SF:src\pages\components\button\Button.sc.ts
FNF:0
FNH:0
DA:1,1
DA:3,1
LF:2
LH:2
BRF:0
BRH:0
end_of_record
TN:
SF:src\pages\components\button\Button.tsx
FN:7,(anonymous_0)
FNF:1
FNH:1
FNDA:3,(anonymous_0)
DA:3,1
DA:7,1
DA:8,3
DA:11,1
LF:4
LH:4
BRF:0
BRH:0
end_of_record
TN:
SF:src\pages\components\deleteDialog\DeleteDialog.tsx
FN:13,(anonymous_1)
FN:14,(anonymous_2)
FNF:2
FNH:2
FNDA:3,(anonymous_1)
FNDA:1,(anonymous_2)
DA:1,1
DA:2,1
DA:4,1
DA:13,1
DA:14,3
DA:15,1
DA:16,1
DA:19,3
DA:33,1
LF:9
LH:9
BRF:0
BRH:0
end_of_record
TN:
SF:src\pages\components\formWrapper\FormWrapper.sc.ts
FNF:0
FNH:0
DA:1,1
DA:3,1
DA:11,1
DA:15,1
DA:20,1
DA:33,1
DA:38,1
DA:43,1
LF:8
LH:8
BRF:0
BRH:0
end_of_record
TN:
SF:src\pages\login\_state\userSlice.ts
FN:19,(anonymous_0)
FN:23,(anonymous_1)
FNF:2
FNH:0
FNDA:0,(anonymous_0)
FNDA:0,(anonymous_1)
DA:1,1
DA:2,1
DA:3,1
DA:10,1
DA:15,1
DA:20,0
DA:21,0
DA:24,0
DA:25,0
DA:30,1
DA:31,1
LF:11
LH:7
BRDA:12,0,0,1
BRDA:12,0,1,1
BRF:2
BRH:2
end_of_record
TN:
SF:src\pages\studentList\_state\studentSlice.ts
FN:13,(anonymous_1)
FN:20,(anonymous_2)
FN:25,(anonymous_3)
FN:30,(anonymous_4)
FN:37,(anonymous_5)
FN:50,(anonymous_6)
FN:60,(anonymous_7)
FN:66,(anonymous_8)
FN:79,(anonymous_9)
FN:84,(anonymous_10)
FN:88,(anonymous_11)
FN:96,(anonymous_12)
FN:98,(anonymous_13)
FN:101,(anonymous_14)
FN:106,(anonymous_15)
FN:109,(anonymous_16)
FN:114,(anonymous_17)
FN:117,(anonymous_18)
FN:119,(anonymous_19)
FN:125,(anonymous_20)
FN:128,(anonymous_21)
FN:130,(anonymous_22)
FN:133,(anonymous_23)
FN:136,(anonymous_24)
FN:141,(anonymous_25)
FN:144,(anonymous_26)
FNF:26
FNH:1
FNDA:0,(anonymous_1)
FNDA:0,(anonymous_2)
FNDA:0,(anonymous_3)
FNDA:0,(anonymous_4)
FNDA:0,(anonymous_5)
FNDA:0,(anonymous_6)
FNDA:0,(anonymous_7)
FNDA:0,(anonymous_8)
FNDA:0,(anonymous_9)
FNDA:0,(anonymous_10)
FNDA:0,(anonymous_11)
FNDA:1,(anonymous_12)
FNDA:0,(anonymous_13)
FNDA:0,(anonymous_14)
FNDA:0,(anonymous_15)
FNDA:0,(anonymous_16)
FNDA:0,(anonymous_17)
FNDA:0,(anonymous_18)
FNDA:0,(anonymous_19)
FNDA:0,(anonymous_20)
FNDA:0,(anonymous_21)
FNDA:0,(anonymous_22)
FNDA:0,(anonymous_23)
FNDA:0,(anonymous_24)
FNDA:0,(anonymous_25)
FNDA:0,(anonymous_26)
DA:1,1
DA:3,1
DA:4,1
DA:8,1
DA:13,1
DA:14,0
DA:17,0
DA:20,1
DA:21,0
DA:22,0
DA:25,1
DA:26,0
DA:27,0
DA:30,1
DA:31,0
DA:32,0
DA:35,1
DA:47,0
DA:48,0
DA:50,0
DA:51,0
DA:53,0
DA:58,0
DA:60,0
DA:64,1
DA:76,0
DA:77,0
DA:79,0
DA:80,0
DA:82,0
DA:84,0
DA:86,0
DA:88,0
DA:92,1
DA:97,1
DA:99,0
DA:102,0
DA:103,0
DA:105,1
DA:107,0
DA:110,0
DA:111,0
DA:113,1
DA:115,0
DA:118,0
DA:119,0
DA:120,0
DA:121,0
DA:124,1
DA:126,0
DA:129,0
DA:130,0
DA:132,1
DA:134,0
DA:137,0
DA:138,0
DA:140,1
DA:142,0
DA:145,0
DA:146,0
DA:151,1
LF:61
LH:18
BRDA:51,0,0,0
BRDA:60,1,0,0
BRDA:60,1,1,0
BRDA:80,2,0,0
BRDA:88,3,0,0
BRDA:88,3,1,0
BRDA:120,4,0,0
BRF:7
BRH:0
end_of_record
TN:
SF:src\utils\test-utils.tsx
FN:14,renderWithProviders
FN:23,Wrapper
FNF:2
FNH:2
FNDA:3,renderWithProviders
FNDA:3,Wrapper
DA:2,1
DA:3,1
DA:5,1
DA:6,1
DA:14,1
DA:24,3
DA:30,3
DA:32,1
LF:8
LH:8
BRDA:16,0,0,3
BRDA:17,1,0,3
BRDA:19,2,0,3
BRF:3
BRH:3
end_of_record
TN:
SF:src\utils\localStorage\localStorage.ts
FN:1,getFromLocalStorage
FN:11,setToLocalStorage
FN:20,removeFromLocalStorage
FN:33,oo_cm
FNF:4
FNH:1
FNDA:2,getFromLocalStorage
FNDA:0,setToLocalStorage
FNDA:0,removeFromLocalStorage
FNDA:0,oo_cm
DA:1,1
DA:2,2
DA:3,2
DA:4,2
DA:6,0
DA:7,0
DA:11,1
DA:12,0
DA:13,0
DA:14,0
DA:16,0
DA:20,1
DA:21,0
DA:22,0
DA:24,0
DA:33,1
LF:16
LH:7
BRDA:4,0,0,0
BRDA:4,0,1,2
BRDA:33,1,0,0
BRDA:33,1,1,0
BRF:4
BRH:1
end_of_record
